<?xml version="1.0" encoding="UTF-8"?>
<testsuite xmlns:xsi="http://www.w3.org/2001/XMLSchema-instance" xsi:noNamespaceSchemaLocation="https://maven.apache.org/surefire/maven-surefire-plugin/xsd/surefire-test-report-3.0.xsd" version="3.0" name="examples.ExamplesTest" time="1.068" tests="1" errors="0" skipped="0" failures="0">
  <properties>
[...]
</properties>
  <testcase name="testParallel" classname="examples.ExamplesTest" time="1.06">
    <system-out><![CDATA[14:29:52.953 [main] INFO  com.intuit.karate.Runner - using system property 'karate.options': 'classpath:examples/ejemplos/03-expresiones.feature'
14:29:53.171 [main] DEBUG com.intuit.karate.Suite - [config] classpath:karate-config.js
14:29:53.172 [main] INFO  com.intuit.karate.Suite - backed up existing 'target/karate-reports' dir to: target/karate-reports_1780489793171
14:29:53.539 [pool-2-thread-1] INFO  com.intuit.karate - karate.env system property was: null 
14:29:53.539 [pool-2-thread-2] INFO  com.intuit.karate - karate.env system property was: null 
---------------------------------------------------------
feature: classpath:examples/ejemplos/03-expresiones.feature
scenarios:  2 | passed:  2 | failed:  0 | time: 0,0186
---------------------------------------------------------

14:29:53.808 [pool-3-thread-1] INFO  com.intuit.karate.Suite - <<pass>> feature 1 of 1 (0 remaining) classpath:examples/ejemplos/03-expresiones.feature
Karate version: 1.5.0
======================================================
elapsed:   0,86 | threads:    5 | thread time: 0,02 
features:     1 | skipped:    0 | efficiency: 0,00
scenarios:    2 | passed:     2 | failed: 0
======================================================

HTML report: (paste into browser to view) | Karate version: 1.5.0
file:///Users/angelisco1/Pronoide/mis-cursos/curso-karate-indra/ejemplos-karate/target/karate-reports/karate-summary.html
===================================================================

]]></system-out>
  </testcase>
</testsuite>